<?xml version="1.0" encoding="UTF-8"?>
<!-- Generated by org.testng.reporters.JUnitReportReporter -->
<testsuite hostname="LAPTOP-3VO362I5" failures="0" tests="2" name="TestNG_Demo.Demo" time="0.009" errors="0" timestamp="22 Sep 2021 17:04:03 GMT" skipped="0">
  <testcase classname="TestNG_Demo.Demo" name="test2" time="0.001"/>
  <testcase classname="TestNG_Demo.Demo" name="test1" time="0.008"/>
</testsuite> <!-- TestNG_Demo.Demo -->
