<?xml version="1.0" encoding="UTF-8"?>
<!-- Generated by org.testng.reporters.JUnitReportReporter -->
<testsuite hostname="LAPTOP-3VO362I5" failures="0" tests="8" name="TestNG_Demo.TestNG_Program" time="0.096" errors="0" timestamp="22 Sep 2021 17:25:34 GMT" skipped="0">
  <testcase classname="TestNG_Demo.TestNG_Program" name="m8" time="0.004"/>
  <testcase classname="TestNG_Demo.TestNG_Program" name="m2" time="0.003"/>
  <testcase classname="TestNG_Demo.TestNG_Program" name="m1" time="0.025"/>
  <testcase classname="TestNG_Demo.TestNG_Program" name="m6" time="0.044"/>
  <testcase classname="TestNG_Demo.TestNG_Program" name="m3" time="0.003"/>
  <testcase classname="TestNG_Demo.TestNG_Program" name="m7" time="0.003"/>
  <testcase classname="TestNG_Demo.TestNG_Program" name="m4" time="0.009"/>
  <testcase classname="TestNG_Demo.TestNG_Program" name="m5" time="0.005"/>
</testsuite> <!-- TestNG_Demo.TestNG_Program -->
