<?xml version="1.0" encoding="UTF-8"?>
<!-- Generated by org.testng.reporters.JUnitReportReporter -->
<testsuite hostname="LAPTOP-3VO362I5" failures="0" tests="6" name="TestNG_Demo.O" time="0.006" errors="0" timestamp="25 Sep 2021 16:25:42 GMT" skipped="0">
  <testcase classname="TestNG_Demo.O" name="O5" time="0.000"/>
  <testcase classname="TestNG_Demo.O" name="O1" time="0.002"/>
  <testcase classname="TestNG_Demo.O" name="O2" time="0.000"/>
  <testcase classname="TestNG_Demo.O" name="O6" time="0.002"/>
  <testcase classname="TestNG_Demo.O" name="O3" time="0.001"/>
  <testcase classname="TestNG_Demo.O" name="O4" time="0.001"/>
</testsuite> <!-- TestNG_Demo.O -->
