<?xml version="1.0" encoding="UTF-8"?>
<!-- Generated by org.testng.reporters.JUnitReportReporter -->
<testsuite hostname="LAPTOP-3VO362I5" failures="0" tests="6" name="TestNG_Demo.N" time="0.009" errors="0" timestamp="25 Sep 2021 16:25:42 GMT" skipped="0">
  <testcase classname="TestNG_Demo.N" name="N3" time="0.001"/>
  <testcase classname="TestNG_Demo.N" name="N6" time="0.002"/>
  <testcase classname="TestNG_Demo.N" name="N5" time="0.002"/>
  <testcase classname="TestNG_Demo.N" name="N2" time="0.001"/>
  <testcase classname="TestNG_Demo.N" name="N4" time="0.001"/>
  <testcase classname="TestNG_Demo.N" name="N1" time="0.002"/>
</testsuite> <!-- TestNG_Demo.N -->
