<?xml version="1.0" encoding="UTF-8"?>
<!-- Generated by org.testng.reporters.JUnitReportReporter -->
<testsuite hostname="LAPTOP-3VO362I5" failures="0" tests="2" name="TestNG_Demo.dependOnMethod" time="4.277" errors="0" timestamp="24 Sep 2021 17:11:03 GMT" skipped="0">
  <testcase classname="TestNG_Demo.dependOnMethod" name="Test2" time="2.652"/>
  <testcase classname="TestNG_Demo.dependOnMethod" name="Test1" time="1.625"/>
</testsuite> <!-- TestNG_Demo.dependOnMethod -->
