<?xml version="1.0" encoding="UTF-8"?>
<!-- Generated by org.testng.reporters.JUnitReportReporter -->
<testsuite hostname="LAPTOP-3VO362I5" failures="0" tests="6" name="TestNG_Demo.M" time="0.013" errors="0" timestamp="25 Sep 2021 16:25:42 GMT" skipped="0">
  <testcase classname="TestNG_Demo.M" name="M5" time="0.003"/>
  <testcase classname="TestNG_Demo.M" name="M3" time="0.001"/>
  <testcase classname="TestNG_Demo.M" name="M4" time="0.000"/>
  <testcase classname="TestNG_Demo.M" name="M6" time="0.002"/>
  <testcase classname="TestNG_Demo.M" name="M1" time="0.007"/>
  <testcase classname="TestNG_Demo.M" name="M2" time="0.000"/>
</testsuite> <!-- TestNG_Demo.M -->
